

Started GET "/" for 127.0.0.1 at 2015-02-03 11:14:28 -0800

PG::ConnectionBad (FATAL:  role "NationStatesClone" does not exist
):
  activerecord (4.0.2) lib/active_record/connection_adapters/postgresql_adapter.rb:831:in `initialize'
  activerecord (4.0.2) lib/active_record/connection_adapters/postgresql_adapter.rb:831:in `new'
  activerecord (4.0.2) lib/active_record/connection_adapters/postgresql_adapter.rb:831:in `connect'
  activerecord (4.0.2) lib/active_record/connection_adapters/postgresql_adapter.rb:548:in `initialize'
  activerecord (4.0.2) lib/active_record/connection_adapters/postgresql_adapter.rb:41:in `new'
  activerecord (4.0.2) lib/active_record/connection_adapters/postgresql_adapter.rb:41:in `postgresql_connection'
  activerecord (4.0.2) lib/active_record/connection_adapters/abstract/connection_pool.rb:440:in `new_connection'
  activerecord (4.0.2) lib/active_record/connection_adapters/abstract/connection_pool.rb:450:in `checkout_new_connection'
  activerecord (4.0.2) lib/active_record/connection_adapters/abstract/connection_pool.rb:421:in `acquire_connection'
  activerecord (4.0.2) lib/active_record/connection_adapters/abstract/connection_pool.rb:356:in `block in checkout'
  /Users/appacademy/.rbenv/versions/2.1.2/lib/ruby/2.1.0/monitor.rb:211:in `mon_synchronize'
  activerecord (4.0.2) lib/active_record/connection_adapters/abstract/connection_pool.rb:355:in `checkout'
  activerecord (4.0.2) lib/active_record/connection_adapters/abstract/connection_pool.rb:265:in `block in connection'
  /Users/appacademy/.rbenv/versions/2.1.2/lib/ruby/2.1.0/monitor.rb:211:in `mon_synchronize'
  activerecord (4.0.2) lib/active_record/connection_adapters/abstract/connection_pool.rb:264:in `connection'
  activerecord (4.0.2) lib/active_record/connection_adapters/abstract/connection_pool.rb:546:in `retrieve_connection'
  activerecord (4.0.2) lib/active_record/connection_handling.rb:79:in `retrieve_connection'
  activerecord (4.0.2) lib/active_record/connection_handling.rb:53:in `connection'
  activerecord (4.0.2) lib/active_record/query_cache.rb:51:in `restore_query_cache_settings'
  activerecord (4.0.2) lib/active_record/query_cache.rb:43:in `rescue in call'
  activerecord (4.0.2) lib/active_record/query_cache.rb:32:in `call'
  newrelic_rpm (3.9.7.266) lib/new_relic/agent/instrumentation/middleware_tracing.rb:57:in `call'
  activerecord (4.0.2) lib/active_record/connection_adapters/abstract/connection_pool.rb:626:in `call'
  newrelic_rpm (3.9.7.266) lib/new_relic/agent/instrumentation/middleware_tracing.rb:57:in `call'
  activerecord (4.0.2) lib/active_record/migration.rb:369:in `call'
  newrelic_rpm (3.9.7.266) lib/new_relic/agent/instrumentation/middleware_tracing.rb:57:in `call'
  actionpack (4.0.2) lib/action_dispatch/middleware/callbacks.rb:29:in `block in call'
  activesupport (4.0.2) lib/active_support/callbacks.rb:373:in `_run__348978869899950674__call__callbacks'
  activesupport (4.0.2) lib/active_support/callbacks.rb:80:in `run_callbacks'
  actionpack (4.0.2) lib/action_dispatch/middleware/callbacks.rb:27:in `call'
  newrelic_rpm (3.9.7.266) lib/new_relic/agent/instrumentation/middleware_tracing.rb:57:in `call'
  actionpack (4.0.2) lib/action_dispatch/middleware/reloader.rb:64:in `call'
  newrelic_rpm (3.9.7.266) lib/new_relic/agent/instrumentation/middleware_tracing.rb:57:in `call'
  actionpack (4.0.2) lib/action_dispatch/middleware/remote_ip.rb:76:in `call'
  newrelic_rpm (3.9.7.266) lib/new_relic/agent/instrumentation/middleware_tracing.rb:57:in `call'
  actionpack (4.0.2) lib/action_dispatch/middleware/debug_exceptions.rb:17:in `call'
  newrelic_rpm (3.9.7.266) lib/new_relic/agent/instrumentation/middleware_tracing.rb:57:in `call'
  actionpack (4.0.2) lib/action_dispatch/middleware/show_exceptions.rb:30:in `call'
  newrelic_rpm (3.9.7.266) lib/new_relic/agent/instrumentation/middleware_tracing.rb:57:in `call'
  railties (4.0.2) lib/rails/rack/logger.rb:38:in `call_app'
  railties (4.0.2) lib/rails/rack/logger.rb:20:in `block in call'
  activesupport (4.0.2) lib/active_support/tagged_logging.rb:67:in `block in tagged'
  activesupport (4.0.2) lib/active_support/tagged_logging.rb:25:in `tagged'
  activesupport (4.0.2) lib/active_support/tagged_logging.rb:67:in `tagged'
  railties (4.0.2) lib/rails/rack/logger.rb:20:in `call'
  newrelic_rpm (3.9.7.266) lib/new_relic/agent/instrumentation/middleware_tracing.rb:57:in `call'
  actionpack (4.0.2) lib/action_dispatch/middleware/request_id.rb:21:in `call'
  newrelic_rpm (3.9.7.266) lib/new_relic/agent/instrumentation/middleware_tracing.rb:57:in `call'
  rack (1.5.2) lib/rack/methodoverride.rb:21:in `call'
  newrelic_rpm (3.9.7.266) lib/new_relic/agent/instrumentation/middleware_tracing.rb:57:in `call'
  rack (1.5.2) lib/rack/runtime.rb:17:in `call'
  newrelic_rpm (3.9.7.266) lib/new_relic/agent/instrumentation/middleware_tracing.rb:57:in `call'
  activesupport (4.0.2) lib/active_support/cache/strategy/local_cache.rb:83:in `call'
  newrelic_rpm (3.9.7.266) lib/new_relic/agent/instrumentation/middleware_tracing.rb:57:in `call'
  rack (1.5.2) lib/rack/lock.rb:17:in `call'
  newrelic_rpm (3.9.7.266) lib/new_relic/agent/instrumentation/middleware_tracing.rb:57:in `call'
  actionpack (4.0.2) lib/action_dispatch/middleware/static.rb:64:in `call'
  newrelic_rpm (3.9.7.266) lib/new_relic/agent/instrumentation/middleware_tracing.rb:57:in `call'
  rack (1.5.2) lib/rack/sendfile.rb:112:in `call'
  newrelic_rpm (3.9.7.266) lib/new_relic/agent/instrumentation/middleware_tracing.rb:57:in `call'
  railties (4.0.2) lib/rails/engine.rb:511:in `call'
  railties (4.0.2) lib/rails/application.rb:97:in `call'
  newrelic_rpm (3.9.7.266) lib/new_relic/agent/instrumentation/middleware_tracing.rb:57:in `call'
  rack (1.5.2) lib/rack/lock.rb:17:in `call'
  rack (1.5.2) lib/rack/content_length.rb:14:in `call'
  rack (1.5.2) lib/rack/handler/webrick.rb:60:in `service'
  /Users/appacademy/.rbenv/versions/2.1.2/lib/ruby/2.1.0/webrick/httpserver.rb:138:in `service'
  /Users/appacademy/.rbenv/versions/2.1.2/lib/ruby/2.1.0/webrick/httpserver.rb:94:in `run'
  /Users/appacademy/.rbenv/versions/2.1.2/lib/ruby/2.1.0/webrick/server.rb:295:in `block in start_thread'


  Rendered /Users/appacademy/.rbenv/versions/2.1.2/lib/ruby/gems/2.1.0/gems/actionpack-4.0.2/lib/action_dispatch/middleware/templates/rescues/_source.erb (1.1ms)
  Rendered /Users/appacademy/.rbenv/versions/2.1.2/lib/ruby/gems/2.1.0/gems/actionpack-4.0.2/lib/action_dispatch/middleware/templates/rescues/_trace.erb (1.6ms)
  Rendered /Users/appacademy/.rbenv/versions/2.1.2/lib/ruby/gems/2.1.0/gems/actionpack-4.0.2/lib/action_dispatch/middleware/templates/rescues/_request_and_response.erb (1.4ms)
  Rendered /Users/appacademy/.rbenv/versions/2.1.2/lib/ruby/gems/2.1.0/gems/actionpack-4.0.2/lib/action_dispatch/middleware/templates/rescues/diagnostics.erb within rescues/layout (24.2ms)


Started GET "/" for 127.0.0.1 at 2015-02-03 11:18:52 -0800

PG::ConnectionBad (FATAL:  role "NationStatesClone" does not exist
):
  activerecord (4.0.2) lib/active_record/connection_adapters/postgresql_adapter.rb:831:in `initialize'
  activerecord (4.0.2) lib/active_record/connection_adapters/postgresql_adapter.rb:831:in `new'
  activerecord (4.0.2) lib/active_record/connection_adapters/postgresql_adapter.rb:831:in `connect'
  activerecord (4.0.2) lib/active_record/connection_adapters/postgresql_adapter.rb:548:in `initialize'
  activerecord (4.0.2) lib/active_record/connection_adapters/postgresql_adapter.rb:41:in `new'
  activerecord (4.0.2) lib/active_record/connection_adapters/postgresql_adapter.rb:41:in `postgresql_connection'
  activerecord (4.0.2) lib/active_record/connection_adapters/abstract/connection_pool.rb:440:in `new_connection'
  activerecord (4.0.2) lib/active_record/connection_adapters/abstract/connection_pool.rb:450:in `checkout_new_connection'
  activerecord (4.0.2) lib/active_record/connection_adapters/abstract/connection_pool.rb:421:in `acquire_connection'
  activerecord (4.0.2) lib/active_record/connection_adapters/abstract/connection_pool.rb:356:in `block in checkout'
  /Users/appacademy/.rbenv/versions/2.1.2/lib/ruby/2.1.0/monitor.rb:211:in `mon_synchronize'
  activerecord (4.0.2) lib/active_record/connection_adapters/abstract/connection_pool.rb:355:in `checkout'
  activerecord (4.0.2) lib/active_record/connection_adapters/abstract/connection_pool.rb:265:in `block in connection'
  /Users/appacademy/.rbenv/versions/2.1.2/lib/ruby/2.1.0/monitor.rb:211:in `mon_synchronize'
  activerecord (4.0.2) lib/active_record/connection_adapters/abstract/connection_pool.rb:264:in `connection'
  activerecord (4.0.2) lib/active_record/connection_adapters/abstract/connection_pool.rb:546:in `retrieve_connection'
  activerecord (4.0.2) lib/active_record/connection_handling.rb:79:in `retrieve_connection'
  activerecord (4.0.2) lib/active_record/connection_handling.rb:53:in `connection'
  activerecord (4.0.2) lib/active_record/query_cache.rb:51:in `restore_query_cache_settings'
  activerecord (4.0.2) lib/active_record/query_cache.rb:43:in `rescue in call'
  activerecord (4.0.2) lib/active_record/query_cache.rb:32:in `call'
  newrelic_rpm (3.9.7.266) lib/new_relic/agent/instrumentation/middleware_tracing.rb:57:in `call'
  activerecord (4.0.2) lib/active_record/connection_adapters/abstract/connection_pool.rb:626:in `call'
  newrelic_rpm (3.9.7.266) lib/new_relic/agent/instrumentation/middleware_tracing.rb:57:in `call'
  activerecord (4.0.2) lib/active_record/migration.rb:369:in `call'
  newrelic_rpm (3.9.7.266) lib/new_relic/agent/instrumentation/middleware_tracing.rb:57:in `call'
  actionpack (4.0.2) lib/action_dispatch/middleware/callbacks.rb:29:in `block in call'
  activesupport (4.0.2) lib/active_support/callbacks.rb:373:in `_run__1529856670144915399__call__callbacks'
  activesupport (4.0.2) lib/active_support/callbacks.rb:80:in `run_callbacks'
  actionpack (4.0.2) lib/action_dispatch/middleware/callbacks.rb:27:in `call'
  newrelic_rpm (3.9.7.266) lib/new_relic/agent/instrumentation/middleware_tracing.rb:57:in `call'
  actionpack (4.0.2) lib/action_dispatch/middleware/reloader.rb:64:in `call'
  newrelic_rpm (3.9.7.266) lib/new_relic/agent/instrumentation/middleware_tracing.rb:57:in `call'
  actionpack (4.0.2) lib/action_dispatch/middleware/remote_ip.rb:76:in `call'
  newrelic_rpm (3.9.7.266) lib/new_relic/agent/instrumentation/middleware_tracing.rb:57:in `call'
  actionpack (4.0.2) lib/action_dispatch/middleware/debug_exceptions.rb:17:in `call'
  newrelic_rpm (3.9.7.266) lib/new_relic/agent/instrumentation/middleware_tracing.rb:57:in `call'
  actionpack (4.0.2) lib/action_dispatch/middleware/show_exceptions.rb:30:in `call'
  newrelic_rpm (3.9.7.266) lib/new_relic/agent/instrumentation/middleware_tracing.rb:57:in `call'
  railties (4.0.2) lib/rails/rack/logger.rb:38:in `call_app'
  railties (4.0.2) lib/rails/rack/logger.rb:20:in `block in call'
  activesupport (4.0.2) lib/active_support/tagged_logging.rb:67:in `block in tagged'
  activesupport (4.0.2) lib/active_support/tagged_logging.rb:25:in `tagged'
  activesupport (4.0.2) lib/active_support/tagged_logging.rb:67:in `tagged'
  railties (4.0.2) lib/rails/rack/logger.rb:20:in `call'
  newrelic_rpm (3.9.7.266) lib/new_relic/agent/instrumentation/middleware_tracing.rb:57:in `call'
  actionpack (4.0.2) lib/action_dispatch/middleware/request_id.rb:21:in `call'
  newrelic_rpm (3.9.7.266) lib/new_relic/agent/instrumentation/middleware_tracing.rb:57:in `call'
  rack (1.5.2) lib/rack/methodoverride.rb:21:in `call'
  newrelic_rpm (3.9.7.266) lib/new_relic/agent/instrumentation/middleware_tracing.rb:57:in `call'
  rack (1.5.2) lib/rack/runtime.rb:17:in `call'
  newrelic_rpm (3.9.7.266) lib/new_relic/agent/instrumentation/middleware_tracing.rb:57:in `call'
  activesupport (4.0.2) lib/active_support/cache/strategy/local_cache.rb:83:in `call'
  newrelic_rpm (3.9.7.266) lib/new_relic/agent/instrumentation/middleware_tracing.rb:57:in `call'
  rack (1.5.2) lib/rack/lock.rb:17:in `call'
  newrelic_rpm (3.9.7.266) lib/new_relic/agent/instrumentation/middleware_tracing.rb:57:in `call'
  actionpack (4.0.2) lib/action_dispatch/middleware/static.rb:64:in `call'
  newrelic_rpm (3.9.7.266) lib/new_relic/agent/instrumentation/middleware_tracing.rb:57:in `call'
  rack (1.5.2) lib/rack/sendfile.rb:112:in `call'
  newrelic_rpm (3.9.7.266) lib/new_relic/agent/instrumentation/middleware_tracing.rb:57:in `call'
  railties (4.0.2) lib/rails/engine.rb:511:in `call'
  railties (4.0.2) lib/rails/application.rb:97:in `call'
  newrelic_rpm (3.9.7.266) lib/new_relic/agent/instrumentation/middleware_tracing.rb:57:in `call'
  rack (1.5.2) lib/rack/lock.rb:17:in `call'
  rack (1.5.2) lib/rack/content_length.rb:14:in `call'
  rack (1.5.2) lib/rack/handler/webrick.rb:60:in `service'
  /Users/appacademy/.rbenv/versions/2.1.2/lib/ruby/2.1.0/webrick/httpserver.rb:138:in `service'
  /Users/appacademy/.rbenv/versions/2.1.2/lib/ruby/2.1.0/webrick/httpserver.rb:94:in `run'
  /Users/appacademy/.rbenv/versions/2.1.2/lib/ruby/2.1.0/webrick/server.rb:295:in `block in start_thread'


  Rendered /Users/appacademy/.rbenv/versions/2.1.2/lib/ruby/gems/2.1.0/gems/actionpack-4.0.2/lib/action_dispatch/middleware/templates/rescues/_source.erb (1.2ms)
  Rendered /Users/appacademy/.rbenv/versions/2.1.2/lib/ruby/gems/2.1.0/gems/actionpack-4.0.2/lib/action_dispatch/middleware/templates/rescues/_trace.erb (2.4ms)
  Rendered /Users/appacademy/.rbenv/versions/2.1.2/lib/ruby/gems/2.1.0/gems/actionpack-4.0.2/lib/action_dispatch/middleware/templates/rescues/_request_and_response.erb (1.4ms)
  Rendered /Users/appacademy/.rbenv/versions/2.1.2/lib/ruby/gems/2.1.0/gems/actionpack-4.0.2/lib/action_dispatch/middleware/templates/rescues/diagnostics.erb within rescues/layout (20.2ms)
  [1m[36m (18.4ms)[0m  [1mCREATE TABLE "schema_migrations" ("version" character varying(255) NOT NULL) [0m
  [1m[35m (2.6ms)[0m  CREATE UNIQUE INDEX "unique_schema_migrations" ON "schema_migrations" ("version")
  [1m[36mActiveRecord::SchemaMigration Load (0.4ms)[0m  [1mSELECT "schema_migrations".* FROM "schema_migrations"[0m
Migrating to CreateNations (20150203193655)
  [1m[36mActiveRecord::SchemaMigration Load (0.5ms)[0m  [1mSELECT "schema_migrations".* FROM "schema_migrations"[0m
Migrating to CreateNations (20150203193655)
  [1m[35m (0.2ms)[0m  BEGIN
  [1m[36m (0.1ms)[0m  [1mROLLBACK[0m
  [1m[36mActiveRecord::SchemaMigration Load (0.4ms)[0m  [1mSELECT "schema_migrations".* FROM "schema_migrations"[0m
Migrating to CreateNations (20150203193655)
  [1m[35m (0.1ms)[0m  BEGIN
  [1m[36m (7.0ms)[0m  [1mCREATE TABLE "nations" ("id" serial primary key, "name" character varying(255) NOT NULL, "ec_freedom" integer NOT NULL, "soc_freedom" integer NOT NULL, "pol_freedom" integer NOT NULL, "currency" character varying(255) NOT NULL, "animal" character varying(255) NOT NULL, "population" integer NOT NULL, "leader_title" character varying(255) NOT NULL, "motto" character varying(255), "recent_issues" character varying(255), "flag_url" character varying(255), "created_at" timestamp, "updated_at" timestamp) [0m
  [1m[35mSQL (14.8ms)[0m  INSERT INTO "schema_migrations" ("version") VALUES ($1)  [["version", "20150203193655"]]
  [1m[36m (1.0ms)[0m  [1mCOMMIT[0m
  [1m[35mActiveRecord::SchemaMigration Load (0.5ms)[0m  SELECT "schema_migrations".* FROM "schema_migrations"
  [1m[36mActiveRecord::SchemaMigration Load (0.9ms)[0m  [1mSELECT "schema_migrations".* FROM "schema_migrations"[0m
  [1m[35mActiveRecord::SchemaMigration Load (0.2ms)[0m  SELECT "schema_migrations".* FROM "schema_migrations"
Migrating to CreateNations (20150203193655)
  [1m[36m (0.1ms)[0m  [1mBEGIN[0m
  [1m[35m (15.3ms)[0m  DROP TABLE "nations"
  [1m[36mSQL (18.4ms)[0m  [1mDELETE FROM "schema_migrations" WHERE "schema_migrations"."version" = '20150203193655'[0m
  [1m[35m (2.5ms)[0m  COMMIT
  [1m[36mActiveRecord::SchemaMigration Load (0.2ms)[0m  [1mSELECT "schema_migrations".* FROM "schema_migrations"[0m
  [1m[36mActiveRecord::SchemaMigration Load (0.5ms)[0m  [1mSELECT "schema_migrations".* FROM "schema_migrations"[0m
Migrating to CreateNations (20150203193655)
  [1m[35m (0.1ms)[0m  BEGIN
  [1m[36m (9.5ms)[0m  [1mCREATE TABLE "nations" ("id" serial primary key, "name" character varying(255) NOT NULL, "password_digest" character varying(255) NOT NULL, "session_token" character varying(255) NOT NULL, "ec_freedom" integer NOT NULL, "soc_freedom" integer NOT NULL, "pol_freedom" integer NOT NULL, "currency" character varying(255) NOT NULL, "animal" character varying(255) NOT NULL, "population" integer NOT NULL, "leader_title" character varying(255) NOT NULL, "motto" character varying(255), "recent_issues" character varying(255), "flag_url" character varying(255), "created_at" timestamp, "updated_at" timestamp) [0m
  [1m[35mSQL (0.7ms)[0m  INSERT INTO "schema_migrations" ("version") VALUES ($1)  [["version", "20150203193655"]]
  [1m[36m (1.2ms)[0m  [1mCOMMIT[0m
  [1m[35mActiveRecord::SchemaMigration Load (0.2ms)[0m  SELECT "schema_migrations".* FROM "schema_migrations"
